Reading netlist file: "D:\Work\Tang9k-FPGA\Tang-nano-9K-FPGA\src\miniproject_pract\Dotmatrix\impl\gwsynthesis\Dotmatrix.vg"
Parsing netlist file "D:\Work\Tang9k-FPGA\Tang-nano-9K-FPGA\src\miniproject_pract\Dotmatrix\impl\gwsynthesis\Dotmatrix.vg" completed
Processing netlist completed
Reading constraint file: "D:\Work\Tang9k-FPGA\Tang-nano-9K-FPGA\src\miniproject_pract\Dotmatrix\src\Dotmatrix.cst"
Physical Constraint parsed completed
Running placement......
[10%] Placement Phase 0 completed
[20%] Placement Phase 1 completed
[30%] Placement Phase 2 completed
WARN  (TA1132) :  'CLK' was determined to be a clock but was not created.
[50%] Placement Phase 3 completed
Running routing......
[60%] Routing Phase 0 completed
[70%] Routing Phase 1 completed
[80%] Routing Phase 2 completed
[90%] Routing Phase 3 completed
Running timing analysis......
[95%] Timing analysis completed
Placement and routing completed
Bitstream generation in progress......
Bitstream generation completed
Running power analysis......
[100%] Power analysis completed
Generate file "D:\Work\Tang9k-FPGA\Tang-nano-9K-FPGA\src\miniproject_pract\Dotmatrix\impl\pnr\Dotmatrix.power.html" completed
Generate file "D:\Work\Tang9k-FPGA\Tang-nano-9K-FPGA\src\miniproject_pract\Dotmatrix\impl\pnr\Dotmatrix.pin.html" completed
Generate file "D:\Work\Tang9k-FPGA\Tang-nano-9K-FPGA\src\miniproject_pract\Dotmatrix\impl\pnr\Dotmatrix.rpt.html" completed
Generate file "D:\Work\Tang9k-FPGA\Tang-nano-9K-FPGA\src\miniproject_pract\Dotmatrix\impl\pnr\Dotmatrix.rpt.txt" completed
Generate file "D:\Work\Tang9k-FPGA\Tang-nano-9K-FPGA\src\miniproject_pract\Dotmatrix\impl\pnr\Dotmatrix.tr.html" completed
Mon Jun 23 14:09:21 2025

