Reading netlist file: "D:\Work\Tang 9k\src\miniproject_pract\BtnUpSpeedLED\impl\gwsynthesis\BtnUpSpeedLED.vg"
Parsing netlist file "D:\Work\Tang 9k\src\miniproject_pract\BtnUpSpeedLED\impl\gwsynthesis\BtnUpSpeedLED.vg" completed
Processing netlist completed
Reading constraint file: "D:\Work\Tang 9k\src\miniproject_pract\BtnUpSpeedLED\src\BtnUpSpeedLED.cst"
Physical Constraint parsed completed
Running placement......
[10%] Placement Phase 0 completed
[20%] Placement Phase 1 completed
[30%] Placement Phase 2 completed
WARN  (TA1132) :  'CLK' was determined to be a clock but was not created.
[50%] Placement Phase 3 completed
Running routing......
[60%] Routing Phase 0 completed
[70%] Routing Phase 1 completed
[80%] Routing Phase 2 completed
[90%] Routing Phase 3 completed
Running timing analysis......
[95%] Timing analysis completed
Placement and routing completed
Bitstream generation in progress......
Bitstream generation completed
Running power analysis......
[100%] Power analysis completed
Generate file "D:\Work\Tang 9k\src\miniproject_pract\BtnUpSpeedLED\impl\pnr\BtnUpSpeedLED.power.html" completed
Generate file "D:\Work\Tang 9k\src\miniproject_pract\BtnUpSpeedLED\impl\pnr\BtnUpSpeedLED.pin.html" completed
Generate file "D:\Work\Tang 9k\src\miniproject_pract\BtnUpSpeedLED\impl\pnr\BtnUpSpeedLED.rpt.html" completed
Generate file "D:\Work\Tang 9k\src\miniproject_pract\BtnUpSpeedLED\impl\pnr\BtnUpSpeedLED.rpt.txt" completed
Generate file "D:\Work\Tang 9k\src\miniproject_pract\BtnUpSpeedLED\impl\pnr\BtnUpSpeedLED.tr.html" completed
Thu Jul  3 14:44:51 2025

