#! /c/Source/iverilog-install/bin/vvp
:ivl_version "12.0 (devel)" "(s20150603-1539-g2693dd32b)";
:ivl_delay_selection "TYPICAL";
:vpi_time_precision + 0;
:vpi_module "C:\iverilog\lib\ivl\system.vpi";
:vpi_module "C:\iverilog\lib\ivl\vhdl_sys.vpi";
:vpi_module "C:\iverilog\lib\ivl\vhdl_textio.vpi";
:vpi_module "C:\iverilog\lib\ivl\v2005_math.vpi";
:vpi_module "C:\iverilog\lib\ivl\va_math.vpi";
S_00000138cd08d990 .scope module, "TopModule" "TopModule" 2 1;
 .timescale 0 0;
    .port_info 0 /INPUT 1 "CLK";
    .port_info 1 /INPUT 1 "RESETn";
    .port_info 2 /INPUT 1 "iExtBtn";
    .port_info 3 /OUTPUT 1 "oLED";
o00000138cd0dafb8 .functor BUFZ 1, C4<z>; HiZ drive
v00000138cd12a3f0_0 .net "CLK", 0 0, o00000138cd0dafb8;  0 drivers
o00000138cd0dafe8 .functor BUFZ 1, C4<z>; HiZ drive
v00000138cd129b30_0 .net "RESETn", 0 0, o00000138cd0dafe8;  0 drivers
o00000138cd0db1c8 .functor BUFZ 1, C4<z>; HiZ drive
v00000138cd1291d0_0 .net "iExtBtn", 0 0, o00000138cd0db1c8;  0 drivers
v00000138cd1293b0_0 .net "oLED", 0 0, L_00000138cd12a0d0;  1 drivers
v00000138cd129090_0 .net "wIntBtn", 0 0, L_00000138cd12a530;  1 drivers
S_00000138cd08db20 .scope module, "m_btn_if" "Btn_Interface" 2 9, 3 1 0, S_00000138cd08d990;
 .timescale 0 0;
    .port_info 0 /INPUT 1 "CLK";
    .port_info 1 /INPUT 1 "RESETn";
    .port_info 2 /INPUT 1 "iExtBtn";
    .port_info 3 /OUTPUT 1 "oIntBtn";
L_00000138cd12aa18 .functor BUFT 1, C4<1>, C4<0>, C4<0>, C4<0>;
L_00000138cd0a2db0 .functor XNOR 1, L_00000138cd129630, L_00000138cd12aa18, C4<0>, C4<0>;
L_00000138cd12aa60 .functor BUFT 1, C4<0>, C4<0>, C4<0>, C4<0>;
L_00000138cd0a2fd0 .functor XNOR 1, L_00000138cd129770, L_00000138cd12aa60, C4<0>, C4<0>;
L_00000138cd0a2b90 .functor AND 1, L_00000138cd0a2db0, L_00000138cd0a2fd0, C4<1>, C4<1>;
v00000138cd0cc190_0 .net "CLK", 0 0, o00000138cd0dafb8;  alias, 0 drivers
v00000138cd0cbb50_0 .net "RESETn", 0 0, o00000138cd0dafe8;  alias, 0 drivers
v00000138cd0cc050_0 .net *"_ivl_1", 0 0, L_00000138cd129630;  1 drivers
v00000138cd0cc910_0 .net *"_ivl_10", 0 0, L_00000138cd0a2fd0;  1 drivers
v00000138cd0cc2d0_0 .net *"_ivl_13", 0 0, L_00000138cd0a2b90;  1 drivers
L_00000138cd12aaa8 .functor BUFT 1, C4<1>, C4<0>, C4<0>, C4<0>;
v00000138cd0cc0f0_0 .net/2u *"_ivl_14", 0 0, L_00000138cd12aaa8;  1 drivers
L_00000138cd12aaf0 .functor BUFT 1, C4<0>, C4<0>, C4<0>, C4<0>;
v00000138cd0cc730_0 .net/2u *"_ivl_16", 0 0, L_00000138cd12aaf0;  1 drivers
v00000138cd0cc870_0 .net/2u *"_ivl_2", 0 0, L_00000138cd12aa18;  1 drivers
v00000138cd0cc370_0 .net *"_ivl_4", 0 0, L_00000138cd0a2db0;  1 drivers
v00000138cd0cc7d0_0 .net *"_ivl_7", 0 0, L_00000138cd129770;  1 drivers
v00000138cd0cc550_0 .net/2u *"_ivl_8", 0 0, L_00000138cd12aa60;  1 drivers
v00000138cd0cbd30_0 .net "iExtBtn", 0 0, o00000138cd0db1c8;  alias, 0 drivers
v00000138cd0cc410_0 .net "oIntBtn", 0 0, L_00000138cd12a530;  alias, 1 drivers
v00000138cd0cbe70_0 .var "rIntBtn", 2 0;
E_00000138cd0c6e70 .event posedge, v00000138cd0cbb50_0, v00000138cd0cc190_0;
L_00000138cd129630 .part v00000138cd0cbe70_0, 2, 1;
L_00000138cd129770 .part v00000138cd0cbe70_0, 1, 1;
L_00000138cd12a530 .functor MUXZ 1, L_00000138cd12aaf0, L_00000138cd12aaa8, L_00000138cd0a2b90, C4<>;
S_00000138cd0d5640 .scope begin, "u_rIntBtn" "u_rIntBtn" 3 11, 3 11 0, S_00000138cd08db20;
 .timescale 0 0;
S_00000138cd0d57d0 .scope module, "m_led_driver" "LED_Driver" 2 16, 4 1 0, S_00000138cd08d990;
 .timescale 0 0;
    .port_info 0 /INPUT 1 "CLK";
    .port_info 1 /INPUT 1 "RESETn";
    .port_info 2 /INPUT 1 "iIntBtn";
    .port_info 3 /OUTPUT 1 "oLED";
P_00000138cd0c78b0 .param/l "cOnPeriod" 1 4 7, +C4<00000000000000000000000000000100>;
v00000138cd0cc9b0_0 .net "CLK", 0 0, o00000138cd0dafb8;  alias, 0 drivers
v00000138cd0cc5f0_0 .net "RESETn", 0 0, o00000138cd0dafe8;  alias, 0 drivers
v00000138cd0cca50_0 .net *"_ivl_0", 31 0, L_00000138cd129810;  1 drivers
L_00000138cd12ac10 .functor BUFT 1, C4<0>, C4<0>, C4<0>, C4<0>;
v00000138cd0cc4b0_0 .net/2u *"_ivl_10", 0 0, L_00000138cd12ac10;  1 drivers
L_00000138cd12ab38 .functor BUFT 1, C4<00000000000000000000000000000>, C4<0>, C4<0>, C4<0>;
v00000138cd0cbbf0_0 .net *"_ivl_3", 28 0, L_00000138cd12ab38;  1 drivers
L_00000138cd12ab80 .functor BUFT 1, C4<00000000000000000000000000000000>, C4<0>, C4<0>, C4<0>;
v00000138cd0cc690_0 .net/2u *"_ivl_4", 31 0, L_00000138cd12ab80;  1 drivers
v00000138cd0cbc90_0 .net *"_ivl_6", 0 0, L_00000138cd129db0;  1 drivers
L_00000138cd12abc8 .functor BUFT 1, C4<1>, C4<0>, C4<0>, C4<0>;
v00000138cd0cbdd0_0 .net/2u *"_ivl_8", 0 0, L_00000138cd12abc8;  1 drivers
v00000138cd0cbf10_0 .net "iIntBtn", 0 0, L_00000138cd12a530;  alias, 1 drivers
v00000138cd128c30_0 .net "oLED", 0 0, L_00000138cd12a0d0;  alias, 1 drivers
v00000138cd12a2b0_0 .var "rCnt", 2 0;
E_00000138cd0c6b30/0 .event negedge, v00000138cd0cbb50_0;
E_00000138cd0c6b30/1 .event posedge, v00000138cd0cc190_0;
E_00000138cd0c6b30 .event/or E_00000138cd0c6b30/0, E_00000138cd0c6b30/1;
L_00000138cd129810 .concat [ 3 29 0 0], v00000138cd12a2b0_0, L_00000138cd12ab38;
L_00000138cd129db0 .cmp/ne 32, L_00000138cd129810, L_00000138cd12ab80;
L_00000138cd12a0d0 .functor MUXZ 1, L_00000138cd12ac10, L_00000138cd12abc8, L_00000138cd129db0, C4<>;
S_00000138cd128870 .scope begin, "u_rCnt" "u_rCnt" 4 12, 4 12 0, S_00000138cd0d57d0;
 .timescale 0 0;
    .scope S_00000138cd08db20;
T_0 ;
    %wait E_00000138cd0c6e70;
    %fork t_1, S_00000138cd0d5640;
    %jmp t_0;
    .scope S_00000138cd0d5640;
t_1 ;
    %load/vec4 v00000138cd0cbb50_0;
    %cmpi/e 0, 0, 1;
    %jmp/0xz  T_0.0, 4;
    %pushi/vec4 7, 0, 3;
    %assign/vec4 v00000138cd0cbe70_0, 0;
    %jmp T_0.1;
T_0.0 ;
    %load/vec4 v00000138cd0cbe70_0;
    %parti/s 1, 1, 2;
    %load/vec4 v00000138cd0cbe70_0;
    %parti/s 1, 0, 2;
    %concat/vec4; draw_concat_vec4
    %load/vec4 v00000138cd0cbd30_0;
    %concat/vec4; draw_concat_vec4
    %assign/vec4 v00000138cd0cbe70_0, 0;
T_0.1 ;
    %end;
    .scope S_00000138cd08db20;
t_0 %join;
    %jmp T_0;
    .thread T_0;
    .scope S_00000138cd0d57d0;
T_1 ;
    %wait E_00000138cd0c6b30;
    %fork t_3, S_00000138cd128870;
    %jmp t_2;
    .scope S_00000138cd128870;
t_3 ;
    %load/vec4 v00000138cd0cc5f0_0;
    %cmpi/e 0, 0, 1;
    %jmp/0xz  T_1.0, 4;
    %pushi/vec4 0, 0, 3;
    %assign/vec4 v00000138cd12a2b0_0, 0;
    %jmp T_1.1;
T_1.0 ;
    %load/vec4 v00000138cd12a2b0_0;
    %cmpi/e 0, 0, 3;
    %jmp/0xz  T_1.2, 4;
    %load/vec4 v00000138cd0cbf10_0;
    %cmpi/e 1, 0, 1;
    %flag_mov 8, 4;
    %jmp/0 T_1.4, 8;
    %pushi/vec4 1, 0, 3;
    %jmp/1 T_1.5, 8;
T_1.4 ; End of true expr.
    %pushi/vec4 0, 0, 3;
    %jmp/0 T_1.5, 8;
 ; End of false expr.
    %blend;
T_1.5;
    %assign/vec4 v00000138cd12a2b0_0, 0;
    %jmp T_1.3;
T_1.2 ;
    %load/vec4 v00000138cd12a2b0_0;
    %pad/u 32;
    %cmpi/e 4, 0, 32;
    %flag_mov 8, 4;
    %jmp/0 T_1.6, 8;
    %pushi/vec4 0, 0, 3;
    %jmp/1 T_1.7, 8;
T_1.6 ; End of true expr.
    %load/vec4 v00000138cd12a2b0_0;
    %addi 1, 0, 3;
    %jmp/0 T_1.7, 8;
 ; End of false expr.
    %blend;
T_1.7;
    %assign/vec4 v00000138cd12a2b0_0, 0;
T_1.3 ;
T_1.1 ;
    %end;
    .scope S_00000138cd0d57d0;
t_2 %join;
    %jmp T_1;
    .thread T_1;
# The file index is used to find the file name in the following table.
:file_names 5;
    "N/A";
    "<interactive>";
    ".\Top.v";
    ".\Btn_Interface.v";
    ".\LED_Driver.v";
